<?xml version="1.0" encoding="UTF-8" ?>
<testsuite failures="0" time="0.16" errors="0" skipped="0" tests="7" name="com.sshetty.connectionpool.tests.DbManagerTest">
  <properties>
    <property name="java.runtime.name" value="Java(TM) SE Runtime Environment"/>
    <property name="sun.boot.library.path" value="/System/Library/Java/JavaVirtualMachines/1.6.0.jdk/Contents/Libraries"/>
    <property name="java.vm.version" value="20.65-b04-462"/>
    <property name="awt.nativeDoubleBuffering" value="true"/>
    <property name="gopherProxySet" value="false"/>
    <property name="mrj.build" value="11M4609"/>
    <property name="java.vm.vendor" value="Apple Inc."/>
    <property name="java.vendor.url" value="http://www.apple.com/"/>
    <property name="path.separator" value=":"/>
    <property name="java.vm.name" value="Java HotSpot(TM) 64-Bit Server VM"/>
    <property name="file.encoding.pkg" value="sun.io"/>
    <property name="user.country" value="US"/>
    <property name="sun.java.launcher" value="SUN_STANDARD"/>
    <property name="sun.os.patch.level" value="unknown"/>
    <property name="java.vm.specification.name" value="Java Virtual Machine Specification"/>
    <property name="user.dir" value="/Users/Sameeksha/Github/Sameeksha/connection_pool_sshetty"/>
    <property name="java.runtime.version" value="1.6.0_65-b14-462-11M4609"/>
    <property name="java.awt.graphicsenv" value="apple.awt.CGraphicsEnvironment"/>
    <property name="basedir" value="/Users/Sameeksha/Github/Sameeksha/connection_pool_sshetty"/>
    <property name="java.endorsed.dirs" value="/System/Library/Java/JavaVirtualMachines/1.6.0.jdk/Contents/Home/lib/endorsed"/>
    <property name="os.arch" value="x86_64"/>
    <property name="surefire.real.class.path" value="/Users/Sameeksha/Github/Sameeksha/connection_pool_sshetty/target/surefire/surefirebooter6955525895551686385.jar"/>
    <property name="java.io.tmpdir" value="/var/folders/1g/smg8wsl5279fcwgb9rrx8phm0000gn/T/"/>
    <property name="line.separator" value="
"/>
    <property name="java.vm.specification.vendor" value="Sun Microsystems Inc."/>
    <property name="os.name" value="Mac OS X"/>
    <property name="sun.jnu.encoding" value="MacRoman"/>
    <property name="java.library.path" value=".:/Library/Java/Extensions:/System/Library/Java/Extensions:/usr/lib/java"/>
    <property name="surefire.test.class.path" value="/Users/Sameeksha/Github/Sameeksha/connection_pool_sshetty/target/test-classes:/Users/Sameeksha/Github/Sameeksha/connection_pool_sshetty/target/classes:/Users/Sameeksha/.m2/repository/mysql/mysql-connector-java/5.1.6/mysql-connector-java-5.1.6.jar:/Users/Sameeksha/.m2/repository/log4j/log4j/1.2.17/log4j-1.2.17.jar:/Users/Sameeksha/.m2/repository/commons-lang/commons-lang/2.3/commons-lang-2.3.jar:/Users/Sameeksha/.m2/repository/org/easymock/easymock/3.0/easymock-3.0.jar:/Users/Sameeksha/.m2/repository/cglib/cglib-nodep/2.2/cglib-nodep-2.2.jar:/Users/Sameeksha/.m2/repository/org/objenesis/objenesis/1.2/objenesis-1.2.jar:/Users/Sameeksha/.m2/repository/junit/junit/4.11/junit-4.11.jar:/Users/Sameeksha/.m2/repository/org/hamcrest/hamcrest-core/1.3/hamcrest-core-1.3.jar:"/>
    <property name="java.specification.name" value="Java Platform API Specification"/>
    <property name="java.class.version" value="50.0"/>
    <property name="sun.management.compiler" value="HotSpot 64-Bit Tiered Compilers"/>
    <property name="os.version" value="10.9.3"/>
    <property name="http.nonProxyHosts" value="local|*.local|169.254/16|*.169.254/16"/>
    <property name="user.home" value="/Users/Sameeksha"/>
    <property name="user.timezone" value="America/New_York"/>
    <property name="java.awt.printerjob" value="apple.awt.CPrinterJob"/>
    <property name="java.specification.version" value="1.6"/>
    <property name="file.encoding" value="MacRoman"/>
    <property name="user.name" value="Sameeksha"/>
    <property name="java.class.path" value="/Users/Sameeksha/Github/Sameeksha/connection_pool_sshetty/target/test-classes:/Users/Sameeksha/Github/Sameeksha/connection_pool_sshetty/target/classes:/Users/Sameeksha/.m2/repository/mysql/mysql-connector-java/5.1.6/mysql-connector-java-5.1.6.jar:/Users/Sameeksha/.m2/repository/log4j/log4j/1.2.17/log4j-1.2.17.jar:/Users/Sameeksha/.m2/repository/commons-lang/commons-lang/2.3/commons-lang-2.3.jar:/Users/Sameeksha/.m2/repository/org/easymock/easymock/3.0/easymock-3.0.jar:/Users/Sameeksha/.m2/repository/cglib/cglib-nodep/2.2/cglib-nodep-2.2.jar:/Users/Sameeksha/.m2/repository/org/objenesis/objenesis/1.2/objenesis-1.2.jar:/Users/Sameeksha/.m2/repository/junit/junit/4.11/junit-4.11.jar:/Users/Sameeksha/.m2/repository/org/hamcrest/hamcrest-core/1.3/hamcrest-core-1.3.jar:"/>
    <property name="java.vm.specification.version" value="1.0"/>
    <property name="sun.arch.data.model" value="64"/>
    <property name="java.home" value="/System/Library/Java/JavaVirtualMachines/1.6.0.jdk/Contents/Home"/>
    <property name="sun.java.command" value="/Users/Sameeksha/Github/Sameeksha/connection_pool_sshetty/target/surefire/surefirebooter6955525895551686385.jar /Users/Sameeksha/Github/Sameeksha/connection_pool_sshetty/target/surefire/surefire4348619811970549287tmp /Users/Sameeksha/Github/Sameeksha/connection_pool_sshetty/target/surefire/surefire33869095625723277tmp"/>
    <property name="java.specification.vendor" value="Sun Microsystems Inc."/>
    <property name="user.language" value="en"/>
    <property name="awt.toolkit" value="apple.awt.CToolkit"/>
    <property name="java.vm.info" value="mixed mode"/>
    <property name="java.version" value="1.6.0_65"/>
    <property name="java.ext.dirs" value="/Library/Java/Extensions:/System/Library/Java/Extensions:/System/Library/Java/JavaVirtualMachines/1.6.0.jdk/Contents/Home/lib/ext"/>
    <property name="sun.boot.class.path" value="/System/Library/Java/JavaVirtualMachines/1.6.0.jdk/Contents/Classes/jsfd.jar:/System/Library/Java/JavaVirtualMachines/1.6.0.jdk/Contents/Classes/classes.jar:/System/Library/Frameworks/JavaVM.framework/Frameworks/JavaRuntimeSupport.framework/Resources/Java/JavaRuntimeSupport.jar:/System/Library/Java/JavaVirtualMachines/1.6.0.jdk/Contents/Classes/ui.jar:/System/Library/Java/JavaVirtualMachines/1.6.0.jdk/Contents/Classes/laf.jar:/System/Library/Java/JavaVirtualMachines/1.6.0.jdk/Contents/Classes/sunrsasign.jar:/System/Library/Java/JavaVirtualMachines/1.6.0.jdk/Contents/Classes/jsse.jar:/System/Library/Java/JavaVirtualMachines/1.6.0.jdk/Contents/Classes/jce.jar:/System/Library/Java/JavaVirtualMachines/1.6.0.jdk/Contents/Classes/charsets.jar"/>
    <property name="java.vendor" value="Apple Inc."/>
    <property name="localRepository" value="/Users/Sameeksha/.m2/repository"/>
    <property name="file.separator" value="/"/>
    <property name="java.vendor.url.bug" value="http://bugreport.apple.com/"/>
    <property name="sun.cpu.endian" value="little"/>
    <property name="sun.io.unicode.encoding" value="UnicodeLittle"/>
    <property name="mrj.version" value="1070.1.6.0_65-462"/>
    <property name="socksNonProxyHosts" value="local|*.local|169.254/16|*.169.254/16"/>
    <property name="ftp.nonProxyHosts" value="local|*.local|169.254/16|*.169.254/16"/>
    <property name="sun.cpu.isalist" value=""/>
  </properties>
  <testcase time="0.128" classname="com.sshetty.connectionpool.tests.DbManagerTest" name="testGetConnectionTruePositive"/>
  <testcase time="0.005" classname="com.sshetty.connectionpool.tests.DbManagerTest" name="testReleaseConnectionSqlException"/>
  <testcase time="0.004" classname="com.sshetty.connectionpool.tests.DbManagerTest" name="testReleaseConnectionTruePositive"/>
  <testcase time="0.004" classname="com.sshetty.connectionpool.tests.DbManagerTest" name="testReleaseConnectionNegative"/>
  <testcase time="0.006" classname="com.sshetty.connectionpool.tests.DbManagerTest" name="testCreateConnectionPools"/>
  <testcase time="0.003" classname="com.sshetty.connectionpool.tests.DbManagerTest" name="testCreateConnectionPoolsNegative"/>
  <testcase time="0.003" classname="com.sshetty.connectionpool.tests.DbManagerTest" name="testGetConnectionNegative"/>
</testsuite>